# JRE version: OpenJDK Runtime Environment Temurin-21.0.8+9 (21.0.8+9) (build 21.0.8+9-LTS)
# Java VM: OpenJDK 64-Bit Server VM Temurin-21.0.8+9 (21.0.8+9-LTS, mixed mode, tiered, compressed oops, compressed class ptrs, g1 gc, windows-amd64)
GC Precious Log:
 CardTable entry size: 512
 Card Set container configuration: InlinePtr #cards 5 size 8 Array Of Cards #cards 12 size 40 Howl #buckets 4 coarsen threshold 1843 Howl Bitmap #cards 512 size 80 coarsen threshold 460 Card regions per heap region 1 cards per card region 2048
 CPUs: 12 total, 12 available
 Memory: 16019M
 Large Page Support: Disabled
 NUMA Support: Disabled
 Compressed Oops: Enabled (32-bit)
 Heap Region Size: 1M
 Heap Min Capacity: 64M
 Heap Initial Capacity: 64M
 Heap Max Capacity: 2G
 Pre-touch: Disabled
 Parallel Workers: 10
 Concurrent Workers: 3
 Concurrent Refinement Workers: 10
 Periodic GC: Disabled
Heap:
 garbage-first heap   total 142336K, used 103113K [0x0000000080000000, 0x0000000100000000)
  region size 1024K, 5 young (5120K), 5 survivors (5120K)
 Metaspace       used 24168K, committed 24448K, reserved 1114112K
  class space    used 2338K, committed 2496K, reserved 1048576K
GC Heap History (20 events):
Event: 3.560 GC heap after
{Heap after GC invocations=6 (full 0):
 garbage-first heap   total 65536K, used 25418K [0x0000000080000000, 0x0000000100000000)
  region size 1024K, 3 young (3072K), 3 survivors (3072K)
 Metaspace       used 23230K, committed 23488K, reserved 1114112K
  class space    used 2240K, committed 2368K, reserved 1048576K
}
Event: 3.992 GC heap before
{Heap before GC invocations=6 (full 0):
 garbage-first heap   total 65536K, used 53066K [0x0000000080000000, 0x0000000100000000)
  region size 1024K, 26 young (26624K), 3 survivors (3072K)
 Metaspace       used 23527K, committed 23744K, reserved 1114112K
  class space    used 2277K, committed 2368K, reserved 1048576K
}
Event: 4.007 GC heap after
{Heap after GC invocations=7 (full 0):
 garbage-first heap   total 96256K, used 29092K [0x0000000080000000, 0x0000000100000000)
  region size 1024K, 3 young (3072K), 3 survivors (3072K)
 Metaspace       used 23527K, committed 23744K, reserved 1114112K
  class space    used 2277K, committed 2368K, reserved 1048576K
}
Event: 5.096 GC heap before
{Heap before GC invocations=7 (full 0):
 garbage-first heap   total 96256K, used 76196K [0x0000000080000000, 0x0000000100000000)
  region size 1024K, 49 young (50176K), 3 survivors (3072K)
 Metaspace       used 23561K, committed 23808K, reserved 1114112K
  class space    used 2278K, committed 2368K, reserved 1048576K
}
Event: 5.123 GC heap after
{Heap after GC invocations=8 (full 0):
 garbage-first heap   total 96256K, used 35111K [0x0000000080000000, 0x0000000100000000)
  region size 1024K, 7 young (7168K), 7 survivors (7168K)
 Metaspace       used 23561K, committed 23808K, reserved 1114112K
  class space    used 2278K, committed 2368K, reserved 1048576K
}
Event: 5.453 GC heap before
{Heap before GC invocations=8 (full 0):
 garbage-first heap   total 96256K, used 75047K [0x0000000080000000, 0x0000000100000000)
  region size 1024K, 46 young (47104K), 7 survivors (7168K)
 Metaspace       used 23573K, committed 23808K, reserved 1114112K
  class space    used 2281K, committed 2368K, reserved 1048576K
}
Event: 5.476 GC heap after
{Heap after GC invocations=9 (full 0):
 garbage-first heap   total 96256K, used 41445K [0x0000000080000000, 0x0000000100000000)
  region size 1024K, 6 young (6144K), 6 survivors (6144K)
 Metaspace       used 23573K, committed 23808K, reserved 1114112K
  class space    used 2281K, committed 2368K, reserved 1048576K
}
Event: 5.898 GC heap before
{Heap before GC invocations=9 (full 0):
 garbage-first heap   total 96256K, used 78309K [0x0000000080000000, 0x0000000100000000)
  region size 1024K, 42 young (43008K), 6 survivors (6144K)
 Metaspace       used 23965K, committed 24192K, reserved 1114112K
  class space    used 2324K, committed 2432K, reserved 1048576K
}
Event: 5.921 GC heap after
{Heap after GC invocations=10 (full 0):
 garbage-first heap   total 96256K, used 47093K [0x0000000080000000, 0x0000000100000000)
  region size 1024K, 6 young (6144K), 6 survivors (6144K)
 Metaspace       used 23965K, committed 24192K, reserved 1114112K
  class space    used 2324K, committed 2432K, reserved 1048576K
}
Event: 6.279 GC heap before
{Heap before GC invocations=10 (full 0):
 garbage-first heap   total 96256K, used 80885K [0x0000000080000000, 0x0000000100000000)
  region size 1024K, 38 young (38912K), 6 survivors (6144K)
 Metaspace       used 24006K, committed 24256K, reserved 1114112K
  class space    used 2324K, committed 2432K, reserved 1048576K
}
Event: 6.310 GC heap after
{Heap after GC invocations=11 (full 0):
 garbage-first heap   total 139264K, used 56304K [0x0000000080000000, 0x0000000100000000)
  region size 1024K, 5 young (5120K), 5 survivors (5120K)
 Metaspace       used 24006K, committed 24256K, reserved 1114112K
  class space    used 2324K, committed 2432K, reserved 1048576K
}
Event: 6.669 GC heap before
{Heap before GC invocations=11 (full 0):
 garbage-first heap   total 139264K, used 115696K [0x0000000080000000, 0x0000000100000000)
  region size 1024K, 61 young (62464K), 5 survivors (5120K)
 Metaspace       used 24125K, committed 24384K, reserved 1114112K
  class space    used 2336K, committed 2496K, reserved 1048576K
}
Event: 6.717 GC heap after
{Heap after GC invocations=12 (full 0):
 garbage-first heap   total 139264K, used 73728K [0x0000000080000000, 0x0000000100000000)
  region size 1024K, 8 young (8192K), 8 survivors (8192K)
 Metaspace       used 24125K, committed 24384K, reserved 1114112K
  class space    used 2336K, committed 2496K, reserved 1048576K
}
Event: 6.855 GC heap before
{Heap before GC invocations=12 (full 0):
 garbage-first heap   total 139264K, used 108544K [0x0000000080000000, 0x0000000100000000)
  region size 1024K, 43 young (44032K), 8 survivors (8192K)
 Metaspace       used 24126K, committed 24384K, reserved 1114112K
  class space    used 2336K, committed 2496K, reserved 1048576K
}
Event: 6.883 GC heap after
{Heap after GC invocations=13 (full 0):
 garbage-first heap   total 139264K, used 82944K [0x0000000080000000, 0x0000000100000000)
  region size 1024K, 7 young (7168K), 7 survivors (7168K)
 Metaspace       used 24126K, committed 24384K, reserved 1114112K
  class space    used 2336K, committed 2496K, reserved 1048576K
}
Event: 7.246 GC heap before
{Heap before GC invocations=14 (full 0):
 garbage-first heap   total 142336K, used 120832K [0x0000000080000000, 0x0000000100000000)
  region size 1024K, 42 young (43008K), 7 survivors (7168K)
 Metaspace       used 24167K, committed 24448K, reserved 1114112K
  class space    used 2338K, committed 2496K, reserved 1048576K
}
Event: 7.279 GC heap after
{Heap after GC invocations=15 (full 0):
 garbage-first heap   total 142336K, used 93184K [0x0000000080000000, 0x0000000100000000)
  region size 1024K, 6 young (6144K), 6 survivors (6144K)
 Metaspace       used 24167K, committed 24448K, reserved 1114112K
  class space    used 2338K, committed 2496K, reserved 1048576K
}
Event: 7.431 GC heap before
{Heap before GC invocations=15 (full 0):
 garbage-first heap   total 142336K, used 124928K [0x0000000080000000, 0x0000000100000000)
  region size 1024K, 37 young (37888K), 6 survivors (6144K)
 Metaspace       used 24168K, committed 24448K, reserved 1114112K
  class space    used 2338K, committed 2496K, reserved 1048576K
}
Event: 7.459 GC heap after
{Heap after GC invocations=16 (full 0):
 garbage-first heap   total 142336K, used 97792K [0x0000000080000000, 0x0000000100000000)
  region size 1024K, 5 young (5120K), 5 survivors (5120K)
 Metaspace       used 24168K, committed 24448K, reserved 1114112K
  class space    used 2338K, committed 2496K, reserved 1048576K
}
Event: 7.614 GC heap before
{Heap before GC invocations=16 (full 0):
 garbage-first heap   total 142336K, used 126464K [0x0000000080000000, 0x0000000100000000)
  region size 1024K, 33 young (33792K), 5 survivors (5120K)
 Metaspace       used 24168K, committed 24448K, reserved 1114112K
  class space    used 2338K, committed 2496K, reserved 1048576K
}

